<?xml version="1.0" encoding="UTF-8"?>
<!-- Generated by org.testng.reporters.JUnitReportReporter -->
<testsuite hostname="PC-PC" failures="0" tests="3" name="testngdemo.TestNGSruthi" time="0.016" errors="0" timestamp="2022-07-06T19:18:53 IST" skipped="0">
  <testcase classname="testngdemo.TestNGSruthi" name="tc1" time="0.011"/>
  <system-out/>
  <testcase classname="testngdemo.TestNGSruthi" name="tc2" time="0.003"/>
  <system-out/>
  <testcase classname="testngdemo.TestNGSruthi" name="tc5" time="0.002"/>
  <system-out/>
</testsuite> <!-- testngdemo.TestNGSruthi -->
