<?xml version="1.0" encoding="UTF-8"?>
<!-- Generated by org.testng.reporters.JUnitReportReporter -->
<testsuite hostname="PC-PC" failures="0" tests="1" name="advancedMethods.DropdownMethods" time="4.837" errors="0" timestamp="2022-07-08T18:08:08 IST" skipped="0">
  <testcase classname="advancedMethods.DropdownMethods" name="dropdown" time="4.837"/>
  <system-out/>
</testsuite> <!-- advancedMethods.DropdownMethods -->
