<?xml version="1.0" encoding="UTF-8"?>
<!-- Generated by org.testng.reporters.JUnitReportReporter -->
<testsuite hostname="PC-PC" failures="0" tests="1" name="advancedMethods.ListdownMethods" time="18.614" errors="0" timestamp="2022-07-08T18:48:15 IST" skipped="0">
  <testcase classname="advancedMethods.ListdownMethods" name="dropdown" time="18.614"/>
  <system-out/>
</testsuite> <!-- advancedMethods.ListdownMethods -->
