<?xml version="1.0" encoding="UTF-8"?>
<!-- Generated by org.testng.reporters.JUnitReportReporter -->
<testsuite hostname="PC-PC" failures="0" tests="1" name="locators.LocatorsDemo" time="9.403" errors="0" timestamp="2022-07-07T17:47:50 IST" skipped="0">
  <testcase classname="locators.LocatorsDemo" name="locators" time="9.403"/>
  <system-out/>
</testsuite> <!-- locators.LocatorsDemo -->
