<?xml version="1.0" encoding="UTF-8"?>
<!-- Generated by org.testng.reporters.JUnitReportReporter -->
<testsuite hostname="PC-PC" failures="0" tests="1" name="advancedMethods.ConfirmationAlertMethod" time="9.636" errors="0" timestamp="2022-07-08T18:52:48 IST" skipped="0">
  <testcase classname="advancedMethods.ConfirmationAlertMethod" name="dropdown" time="9.636"/>
  <system-out/>
</testsuite> <!-- advancedMethods.ConfirmationAlertMethod -->
