<?xml version="1.0" encoding="UTF-8"?>
<!-- Generated by org.testng.reporters.JUnitReportReporter -->
<testsuite hostname="PC-PC" failures="0" tests="1" name="actionsClassMethods.MouseHover" time="8.594" errors="0" timestamp="2022-07-12T10:23:05 IST" skipped="0">
  <testcase classname="actionsClassMethods.MouseHover" name="mouseHover" time="8.594"/>
  <system-out/>
</testsuite> <!-- actionsClassMethods.MouseHover -->
