<?xml version="1.0" encoding="UTF-8"?>
<!-- Generated by org.testng.reporters.JUnitReportReporter -->
<testsuite hostname="PC-PC" failures="0" tests="1" name="sikuliproj.SikuliDemo1" time="22.557" errors="0" timestamp="2022-07-15T17:51:36 IST" skipped="0">
  <testcase classname="sikuliproj.SikuliDemo1" name="demo1" time="22.557"/>
  <system-out/>
</testsuite> <!-- sikuliproj.SikuliDemo1 -->
