<?xml version="1.0" encoding="UTF-8"?>
<!-- Generated by org.testng.reporters.JUnitReportReporter -->
<testsuite hostname="PC-PC" failures="0" tests="1" name="actionsClassMethods.DoubleClick" time="4.765" errors="0" timestamp="2022-07-12T09:59:17 IST" skipped="0">
  <testcase classname="actionsClassMethods.DoubleClick" name="doubleClick" time="4.765"/>
  <system-out/>
</testsuite> <!-- actionsClassMethods.DoubleClick -->
