<?xml version="1.0" encoding="UTF-8"?>
<!-- Generated by org.testng.reporters.JUnitReportReporter -->
<testsuite hostname="PC-PC" failures="0" tests="1" name="advancedMethods.ArrayListAutomation" time="26.362" errors="0" timestamp="2022-07-13T16:16:23 IST" skipped="0">
  <testcase classname="advancedMethods.ArrayListAutomation" name="irctc" time="26.362"/>
  <system-out/>
</testsuite> <!-- advancedMethods.ArrayListAutomation -->
