<?xml version="1.0" encoding="UTF-8"?>
<!-- Generated by org.testng.reporters.JUnitReportReporter -->
<testsuite hostname="PC-PC" failures="0" tests="2" name="testngdemo.TestNGDependsOn" time="7.996" errors="0" timestamp="2022-07-05T19:39:01 IST" skipped="0">
  <testcase classname="testngdemo.TestNGDependsOn" name="method1" time="2.097"/>
  <system-out/>
  <testcase classname="testngdemo.TestNGDependsOn" name="method2" time="5.899"/>
  <system-out/>
</testsuite> <!-- testngdemo.TestNGDependsOn -->
