<?xml version="1.0" encoding="UTF-8"?>
<!-- Generated by org.testng.reporters.JUnitReportReporter -->
<testsuite hostname="PC-PC" failures="0" tests="1" name="advancedMethods.ListdownMethods2" time="8.290" errors="0" timestamp="2022-07-08T18:22:33 IST" skipped="0">
  <testcase classname="advancedMethods.ListdownMethods2" name="dropdown" time="8.290"/>
  <system-out/>
</testsuite> <!-- advancedMethods.ListdownMethods2 -->
