<?xml version="1.0" encoding="UTF-8"?>
<!-- Generated by org.testng.reporters.JUnitReportReporter -->
<testsuite hostname="PC-PC" failures="0" tests="3" name="advancedMethods.Assertions" time="13.645" errors="0" timestamp="2022-07-13T20:24:04 IST" skipped="0">
  <testcase classname="advancedMethods.Assertions" name="titleTest" time="11.379"/>
  <system-out/>
  <testcase classname="advancedMethods.Assertions" name="urlTest" time="0.015"/>
  <system-out/>
  <testcase classname="advancedMethods.Assertions" name="colorTest" time="2.251"/>
  <system-out/>
</testsuite> <!-- advancedMethods.Assertions -->
