<?xml version="1.0" encoding="UTF-8"?>
<!-- Generated by org.testng.reporters.JUnitReportReporter -->
<testsuite hostname="PC-PC" failures="0" tests="1" name="advancedMethods.PromptDialogueBoxMethod" time="12.766" errors="0" timestamp="2022-07-08T19:03:40 IST" skipped="0">
  <testcase classname="advancedMethods.PromptDialogueBoxMethod" name="dropdown" time="12.766"/>
  <system-out/>
</testsuite> <!-- advancedMethods.PromptDialogueBoxMethod -->
