<?xml version="1.0" encoding="UTF-8"?>
<!-- Generated by org.testng.reporters.JUnitReportReporter -->
<testsuite hostname="PC-PC" failures="0" tests="1" name="advancedMethods.PopupAlertMethods" time="30.860" errors="0" timestamp="2022-07-08T18:49:14 IST" skipped="0">
  <testcase classname="advancedMethods.PopupAlertMethods" name="dropdown" time="30.860"/>
  <system-out/>
</testsuite> <!-- advancedMethods.PopupAlertMethods -->
