<?xml version="1.0" encoding="UTF-8"?>
<!-- Generated by org.testng.reporters.JUnitReportReporter -->
<testsuite hostname="PC-PC" failures="0" tests="1" name="advancedMethods.NavigationMethods" time="19.577" errors="0" timestamp="2022-07-08T16:28:07 IST" skipped="0">
  <testcase classname="advancedMethods.NavigationMethods" name="navigation" time="19.577"/>
  <system-out/>
</testsuite> <!-- advancedMethods.NavigationMethods -->
