<?xml version="1.0" encoding="UTF-8"?>
<!-- Generated by org.testng.reporters.JUnitReportReporter -->
<testsuite hostname="PC-PC" failures="0" tests="3" name="testngdemo.TestNGAplphabetical" time="4.843" errors="0" timestamp="2022-07-05T18:01:33 IST" skipped="0">
  <testcase classname="testngdemo.TestNGAplphabetical" name="twitter" time="1.446"/>
  <system-out/>
  <testcase classname="testngdemo.TestNGAplphabetical" name="google" time="1.508"/>
  <system-out/>
  <testcase classname="testngdemo.TestNGAplphabetical" name="facebook" time="1.889"/>
  <system-out/>
</testsuite> <!-- testngdemo.TestNGAplphabetical -->
