<?xml version="1.0" encoding="UTF-8"?>
<!-- Generated by org.testng.reporters.JUnitReportReporter -->
<testsuite hostname="PC-PC" failures="0" tests="4" name="testngdemo.TestNGEnable" time="8.547" errors="0" timestamp="2022-07-05T18:49:52 IST" skipped="1">
  <testcase classname="testngdemo.TestNGEnable" name="facebook" time="4.087"/>
  <system-out/>
  <testcase classname="testngdemo.TestNGEnable" name="twitter" time="2.855"/>
  <system-out/>
  <testcase classname="testngdemo.TestNGEnable" name="google" time="1.605"/>
  <system-out/>
  <testcase classname="testngdemo.TestNGEnable" name="zomato">
    <skipped/>
  </testcase> <!-- zomato -->
  <system-out/>
</testsuite> <!-- testngdemo.TestNGEnable -->
