<?xml version="1.0" encoding="UTF-8"?>
<!-- Generated by org.testng.reporters.JUnitReportReporter -->
<testsuite hostname="PC-PC" failures="0" tests="1" name="log4jProj.Log4jDemo" time="18.066" errors="0" timestamp="2022-07-15T18:24:16 IST" skipped="0">
  <testcase classname="log4jProj.Log4jDemo" name="googleSearch" time="18.066"/>
  <system-out/>
</testsuite> <!-- log4jProj.Log4jDemo -->
