<?xml version="1.0" encoding="UTF-8"?>
<!-- Generated by org.testng.reporters.JUnitReportReporter -->
<testsuite hostname="PC-PC" failures="0" tests="1" name="actionsClassMethods.RightClick" time="6.673" errors="0" timestamp="2022-07-12T10:29:48 IST" skipped="0">
  <testcase classname="actionsClassMethods.RightClick" name="rightClick" time="6.673"/>
  <system-out/>
</testsuite> <!-- actionsClassMethods.RightClick -->
