<?xml version="1.0" encoding="UTF-8"?>
<!-- Generated by org.testng.reporters.JUnitReportReporter -->
<testsuite hostname="PC-PC" failures="0" tests="2" name="testngdemo.TestNGAlphabetical" time="3.889" errors="0" timestamp="2022-07-07T09:47:40 IST" skipped="0">
  <testcase classname="testngdemo.TestNGAlphabetical" name="facebook" time="2.379"/>
  <system-out/>
  <testcase classname="testngdemo.TestNGAlphabetical" name="twitter" time="1.510"/>
  <system-out/>
</testsuite> <!-- testngdemo.TestNGAlphabetical -->
