<?xml version="1.0" encoding="UTF-8"?>
<!-- Generated by org.testng.reporters.JUnitReportReporter -->
<testsuite hostname="PC-PC" failures="0" tests="1" name="actionsClassMethods.DragnDrop" time="8.504" errors="0" timestamp="2022-07-12T10:12:08 IST" skipped="0">
  <testcase classname="actionsClassMethods.DragnDrop" name="dragndrop" time="8.504"/>
  <system-out/>
</testsuite> <!-- actionsClassMethods.DragnDrop -->
