<?xml version="1.0" encoding="UTF-8"?>
<!-- Generated by org.testng.reporters.JUnitReportReporter -->
<testsuite hostname="PC-PC" failures="0" tests="1" name="sikuliproj.SikuliDemo" time="8.502" errors="0" timestamp="2022-07-14T16:02:16 IST" skipped="0">
  <testcase classname="sikuliproj.SikuliDemo" name="demo1" time="8.502"/>
  <system-out/>
</testsuite> <!-- sikuliproj.SikuliDemo -->
